[debug] [2026-06-03T16:29:37.222Z] ----------------------------------------------------------------------
[debug] [2026-06-03T16:29:37.226Z] Command:       C:\Program Files\nodejs\node.exe C:\Users\HARSH\AppData\Roaming\npm\node_modules\firebase-tools\lib\bin\firebase.js apps:create android Didi's Driver App --package-name=com.didis.driver --project didisbiryani-876ca
[debug] [2026-06-03T16:29:37.226Z] CLI Version:   15.19.0
[debug] [2026-06-03T16:29:37.227Z] Platform:      win32
[debug] [2026-06-03T16:29:37.227Z] Node Version:  v24.13.0
[debug] [2026-06-03T16:29:37.227Z] Time:          Wed Jun 03 2026 21:59:37 GMT+0530 (India Standard Time)
[debug] [2026-06-03T16:29:37.227Z] ----------------------------------------------------------------------
[debug] 
[debug] [2026-06-03T16:29:37.231Z] >>> [apiv2][query] GET https://firebase-public.firebaseio.com/cli.json [none]
[debug] [2026-06-03T16:29:37.375Z] > command requires scopes: ["email","openid","https://www.googleapis.com/auth/cloudplatformprojects.readonly","https://www.googleapis.com/auth/firebase","https://www.googleapis.com/auth/cloud-platform"]
[debug] [2026-06-03T16:29:37.376Z] > authorizing via signed-in user (laxmidevi5800@gmail.com)
[info] Create your ANDROID app in project didisbiryani-876ca:
[debug] [2026-06-03T16:29:37.380Z] Checked if tokens are valid: false, expires at: 1780437380914
[debug] [2026-06-03T16:29:37.380Z] Checked if tokens are valid: false, expires at: 1780437380914
[debug] [2026-06-03T16:29:37.381Z] > refreshing access token with scopes: []
[debug] [2026-06-03T16:29:37.382Z] >>> [apiv2][query] POST https://www.googleapis.com/oauth2/v3/token [none]
[debug] [2026-06-03T16:29:37.382Z] >>> [apiv2][body] POST https://www.googleapis.com/oauth2/v3/token [omitted]
[debug] [2026-06-03T16:29:38.635Z] <<< [apiv2][status] POST https://www.googleapis.com/oauth2/v3/token 200
[debug] [2026-06-03T16:29:38.635Z] <<< [apiv2][body] POST https://www.googleapis.com/oauth2/v3/token [omitted]
[debug] [2026-06-03T16:29:38.645Z] >>> [apiv2][query] POST https://firebase.googleapis.com/v1beta1/projects/didisbiryani-876ca/androidApps [none]
[debug] [2026-06-03T16:29:38.646Z] >>> [apiv2][body] POST https://firebase.googleapis.com/v1beta1/projects/didisbiryani-876ca/androidApps {"displayName":"Didi's Driver App","packageName":"com.didis.driver"}
[debug] [2026-06-03T16:29:39.044Z] <<< [apiv2][status] GET https://firebase-public.firebaseio.com/cli.json 200
[debug] [2026-06-03T16:29:39.045Z] <<< [apiv2][body] GET https://firebase-public.firebaseio.com/cli.json {"cloudBuildErrorAfter":1594252800000,"cloudBuildWarnAfter":1590019200000,"defaultNode10After":1594252800000,"minVersion":"3.0.5","node8DeploysDisabledAfter":1613390400000,"node8RuntimeDisabledAfter":1615809600000,"node8WarnAfter":1600128000000}
[debug] [2026-06-03T16:29:39.265Z] <<< [apiv2][status] POST https://firebase.googleapis.com/v1beta1/projects/didisbiryani-876ca/androidApps 403
[debug] [2026-06-03T16:29:39.265Z] <<< [apiv2][body] POST https://firebase.googleapis.com/v1beta1/projects/didisbiryani-876ca/androidApps {"error":{"code":403,"message":"The caller does not have permission","status":"PERMISSION_DENIED"}}
[debug] [2026-06-03T16:29:39.266Z] Request to https://firebase.googleapis.com/v1beta1/projects/didisbiryani-876ca/androidApps had HTTP Error: 403, The caller does not have permission
[debug] [2026-06-03T16:29:39.485Z] FirebaseError: Request to https://firebase.googleapis.com/v1beta1/projects/didisbiryani-876ca/androidApps had HTTP Error: 403, The caller does not have permission
    at responseToError (C:\Users\HARSH\AppData\Roaming\npm\node_modules\firebase-tools\lib\responseToError.js:53:12)
    at RetryOperation._fn (C:\Users\HARSH\AppData\Roaming\npm\node_modules\firebase-tools\lib\apiv2.js:333:77)
    at process.processTicksAndRejections (node:internal/process/task_queues:103:5)
[error] 
[error] Error: Failed to create Android app for project didisbiryani-876ca. See firebase-debug.log for more info.
[debug] [2026-06-03T16:29:53.900Z] ----------------------------------------------------------------------
[debug] [2026-06-03T16:29:53.904Z] Command:       C:\Program Files\nodejs\node.exe C:\Users\HARSH\AppData\Roaming\npm\node_modules\firebase-tools\lib\bin\firebase.js apps:list --project didisbiryani-876ca
[debug] [2026-06-03T16:29:53.904Z] CLI Version:   15.19.0
[debug] [2026-06-03T16:29:53.905Z] Platform:      win32
[debug] [2026-06-03T16:29:53.905Z] Node Version:  v24.13.0
[debug] [2026-06-03T16:29:53.905Z] Time:          Wed Jun 03 2026 21:59:53 GMT+0530 (India Standard Time)
[debug] [2026-06-03T16:29:53.905Z] ----------------------------------------------------------------------
[debug] 
[debug] [2026-06-03T16:29:53.958Z] > command requires scopes: ["email","openid","https://www.googleapis.com/auth/cloudplatformprojects.readonly","https://www.googleapis.com/auth/firebase","https://www.googleapis.com/auth/cloud-platform"]
[debug] [2026-06-03T16:29:53.958Z] > authorizing via signed-in user (laxmidevi5800@gmail.com)
[debug] [2026-06-03T16:29:53.964Z] Checked if tokens are valid: true, expires at: 1780507777636
[debug] [2026-06-03T16:29:53.964Z] Checked if tokens are valid: true, expires at: 1780507777636
[debug] [2026-06-03T16:29:53.968Z] >>> [apiv2][query] GET https://firebase.googleapis.com/v1beta1/projects/didisbiryani-876ca:searchApps pageSize=100
[debug] [2026-06-03T16:29:54.556Z] <<< [apiv2][status] GET https://firebase.googleapis.com/v1beta1/projects/didisbiryani-876ca:searchApps 403
[debug] [2026-06-03T16:29:54.556Z] <<< [apiv2][body] GET https://firebase.googleapis.com/v1beta1/projects/didisbiryani-876ca:searchApps {"error":{"code":403,"message":"The caller does not have permission","status":"PERMISSION_DENIED"}}
[debug] [2026-06-03T16:29:54.557Z] Request to https://firebase.googleapis.com/v1beta1/projects/didisbiryani-876ca:searchApps?pageSize=100 had HTTP Error: 403, The caller does not have permission
[debug] [2026-06-03T16:29:54.756Z] FirebaseError: Request to https://firebase.googleapis.com/v1beta1/projects/didisbiryani-876ca:searchApps?pageSize=100 had HTTP Error: 403, The caller does not have permission
    at responseToError (C:\Users\HARSH\AppData\Roaming\npm\node_modules\firebase-tools\lib\responseToError.js:53:12)
    at RetryOperation._fn (C:\Users\HARSH\AppData\Roaming\npm\node_modules\firebase-tools\lib\apiv2.js:333:77)
    at process.processTicksAndRejections (node:internal/process/task_queues:103:5)
[error] 
[error] Error: Failed to list Firebase apps. See firebase-debug.log for more info.
